<?xml version="1.0" encoding="UTF-8"?>
<testsuite xmlns:xsi="http://www.w3.org/2001/XMLSchema-instance" xsi:noNamespaceSchemaLocation="https://maven.apache.org/surefire/maven-surefire-plugin/xsd/surefire-test-report.xsd" name="dev.snowdrop.example.ExampleApplicationTest" time="3.386" tests="2" errors="0" skipped="0" failures="2">
  <properties>
    <property name="java.specification.version" value="13"/>
    <property name="sun.jnu.encoding" value="UTF-8"/>
    <property name="java.class.path" value="/Users/lilim/Documents/Workspace/springboot/target/test-classes:/Users/lilim/Documents/Workspace/springboot/target/classes:/Users/lilim/.m2/repository/org/springframework/boot/spring-boot-starter-web/2.2.6.RELEASE/spring-boot-starter-web-2.2.6.RELEASE.jar:/Users/lilim/.m2/repository/org/springframework/boot/spring-boot-starter/2.2.6.RELEASE/spring-boot-starter-2.2.6.RELEASE.jar:/Users/lilim/.m2/repository/org/springframework/boot/spring-boot/2.2.6.RELEASE/spring-boot-2.2.6.RELEASE.jar:/Users/lilim/.m2/repository/org/springframework/boot/spring-boot-autoconfigure/2.2.6.RELEASE/spring-boot-autoconfigure-2.2.6.RELEASE.jar:/Users/lilim/.m2/repository/org/springframework/boot/spring-boot-starter-logging/2.2.6.RELEASE/spring-boot-starter-logging-2.2.6.RELEASE.jar:/Users/lilim/.m2/repository/ch/qos/logback/logback-classic/1.2.3/logback-classic-1.2.3.jar:/Users/lilim/.m2/repository/ch/qos/logback/logback-core/1.2.3/logback-core-1.2.3.jar:/Users/lilim/.m2/repository/org/apache/logging/log4j/log4j-to-slf4j/2.12.1/log4j-to-slf4j-2.12.1.jar:/Users/lilim/.m2/repository/org/apache/logging/log4j/log4j-api/2.12.1/log4j-api-2.12.1.jar:/Users/lilim/.m2/repository/jakarta/annotation/jakarta.annotation-api/1.3.5/jakarta.annotation-api-1.3.5.jar:/Users/lilim/.m2/repository/org/yaml/snakeyaml/1.25/snakeyaml-1.25.jar:/Users/lilim/.m2/repository/org/springframework/boot/spring-boot-starter-json/2.2.6.RELEASE/spring-boot-starter-json-2.2.6.RELEASE.jar:/Users/lilim/.m2/repository/com/fasterxml/jackson/core/jackson-databind/2.10.3/jackson-databind-2.10.3.jar:/Users/lilim/.m2/repository/com/fasterxml/jackson/core/jackson-annotations/2.10.3/jackson-annotations-2.10.3.jar:/Users/lilim/.m2/repository/com/fasterxml/jackson/datatype/jackson-datatype-jdk8/2.10.3/jackson-datatype-jdk8-2.10.3.jar:/Users/lilim/.m2/repository/com/fasterxml/jackson/datatype/jackson-datatype-jsr310/2.10.3/jackson-datatype-jsr310-2.10.3.jar:/Users/lilim/.m2/repository/com/fasterxml/jackson/module/jackson-module-parameter-names/2.10.3/jackson-module-parameter-names-2.10.3.jar:/Users/lilim/.m2/repository/org/springframework/boot/spring-boot-starter-tomcat/2.2.6.RELEASE/spring-boot-starter-tomcat-2.2.6.RELEASE.jar:/Users/lilim/.m2/repository/org/apache/tomcat/embed/tomcat-embed-core/9.0.30.redhat-4/tomcat-embed-core-9.0.30.redhat-4.jar:/Users/lilim/.m2/repository/org/apache/tomcat/embed/tomcat-embed-el/9.0.30.redhat-4/tomcat-embed-el-9.0.30.redhat-4.jar:/Users/lilim/.m2/repository/org/apache/tomcat/embed/tomcat-embed-websocket/9.0.30.redhat-4/tomcat-embed-websocket-9.0.30.redhat-4.jar:/Users/lilim/.m2/repository/org/springframework/boot/spring-boot-starter-validation/2.2.6.RELEASE/spring-boot-starter-validation-2.2.6.RELEASE.jar:/Users/lilim/.m2/repository/jakarta/validation/jakarta.validation-api/2.0.2/jakarta.validation-api-2.0.2.jar:/Users/lilim/.m2/repository/org/hibernate/validator/hibernate-validator/6.0.18.Final-redhat-00001/hibernate-validator-6.0.18.Final-redhat-00001.jar:/Users/lilim/.m2/repository/org/jboss/logging/jboss-logging/3.4.1.Final/jboss-logging-3.4.1.Final.jar:/Users/lilim/.m2/repository/com/fasterxml/classmate/1.5.1/classmate-1.5.1.jar:/Users/lilim/.m2/repository/org/springframework/spring-web/5.2.5.RELEASE/spring-web-5.2.5.RELEASE.jar:/Users/lilim/.m2/repository/org/springframework/spring-beans/5.2.5.RELEASE/spring-beans-5.2.5.RELEASE.jar:/Users/lilim/.m2/repository/org/springframework/spring-webmvc/5.2.5.RELEASE/spring-webmvc-5.2.5.RELEASE.jar:/Users/lilim/.m2/repository/org/springframework/spring-aop/5.2.5.RELEASE/spring-aop-5.2.5.RELEASE.jar:/Users/lilim/.m2/repository/org/springframework/spring-context/5.2.5.RELEASE/spring-context-5.2.5.RELEASE.jar:/Users/lilim/.m2/repository/org/springframework/spring-expression/5.2.5.RELEASE/spring-expression-5.2.5.RELEASE.jar:/Users/lilim/.m2/repository/org/springframework/cloud/spring-cloud-starter-kubernetes-config/1.1.2.RELEASE/spring-cloud-starter-kubernetes-config-1.1.2.RELEASE.jar:/Users/lilim/.m2/repository/org/springframework/cloud/spring-cloud-kubernetes-core/1.1.2.RELEASE/spring-cloud-kubernetes-core-1.1.2.RELEASE.jar:/Users/lilim/.m2/repository/org/springframework/cloud/spring-cloud-context/2.2.2.RELEASE/spring-cloud-context-2.2.2.RELEASE.jar:/Users/lilim/.m2/repository/org/springframework/security/spring-security-crypto/5.2.2.RELEASE/spring-security-crypto-5.2.2.RELEASE.jar:/Users/lilim/.m2/repository/org/springframework/cloud/spring-cloud-kubernetes-config/1.1.2.RELEASE/spring-cloud-kubernetes-config-1.1.2.RELEASE.jar:/Users/lilim/.m2/repository/org/springframework/security/spring-security-rsa/1.0.9.RELEASE/spring-security-rsa-1.0.9.RELEASE.jar:/Users/lilim/.m2/repository/org/bouncycastle/bcpkix-jdk15on/1.64/bcpkix-jdk15on-1.64.jar:/Users/lilim/.m2/repository/org/bouncycastle/bcprov-jdk15on/1.64/bcprov-jdk15on-1.64.jar:/Users/lilim/.m2/repository/org/springframework/boot/spring-boot-starter-test/2.2.6.RELEASE/spring-boot-starter-test-2.2.6.RELEASE.jar:/Users/lilim/.m2/repository/org/springframework/boot/spring-boot-test/2.2.6.RELEASE/spring-boot-test-2.2.6.RELEASE.jar:/Users/lilim/.m2/repository/org/springframework/boot/spring-boot-test-autoconfigure/2.2.6.RELEASE/spring-boot-test-autoconfigure-2.2.6.RELEASE.jar:/Users/lilim/.m2/repository/com/jayway/jsonpath/json-path/2.4.0/json-path-2.4.0.jar:/Users/lilim/.m2/repository/net/minidev/json-smart/2.3/json-smart-2.3.jar:/Users/lilim/.m2/repository/net/minidev/accessors-smart/1.2/accessors-smart-1.2.jar:/Users/lilim/.m2/repository/org/ow2/asm/asm/5.0.4/asm-5.0.4.jar:/Users/lilim/.m2/repository/org/slf4j/slf4j-api/1.7.30/slf4j-api-1.7.30.jar:/Users/lilim/.m2/repository/jakarta/xml/bind/jakarta.xml.bind-api/2.3.3/jakarta.xml.bind-api-2.3.3.jar:/Users/lilim/.m2/repository/jakarta/activation/jakarta.activation-api/1.2.2/jakarta.activation-api-1.2.2.jar:/Users/lilim/.m2/repository/org/junit/jupiter/junit-jupiter/5.5.2/junit-jupiter-5.5.2.jar:/Users/lilim/.m2/repository/org/junit/jupiter/junit-jupiter-api/5.5.2/junit-jupiter-api-5.5.2.jar:/Users/lilim/.m2/repository/org/opentest4j/opentest4j/1.2.0/opentest4j-1.2.0.jar:/Users/lilim/.m2/repository/org/junit/platform/junit-platform-commons/1.5.2/junit-platform-commons-1.5.2.jar:/Users/lilim/.m2/repository/org/junit/jupiter/junit-jupiter-params/5.5.2/junit-jupiter-params-5.5.2.jar:/Users/lilim/.m2/repository/org/junit/jupiter/junit-jupiter-engine/5.5.2/junit-jupiter-engine-5.5.2.jar:/Users/lilim/.m2/repository/org/junit/vintage/junit-vintage-engine/5.5.2/junit-vintage-engine-5.5.2.jar:/Users/lilim/.m2/repository/org/apiguardian/apiguardian-api/1.1.0/apiguardian-api-1.1.0.jar:/Users/lilim/.m2/repository/org/junit/platform/junit-platform-engine/1.5.2/junit-platform-engine-1.5.2.jar:/Users/lilim/.m2/repository/junit/junit/4.12/junit-4.12.jar:/Users/lilim/.m2/repository/org/mockito/mockito-junit-jupiter/3.1.0/mockito-junit-jupiter-3.1.0.jar:/Users/lilim/.m2/repository/org/hamcrest/hamcrest/2.1/hamcrest-2.1.jar:/Users/lilim/.m2/repository/org/mockito/mockito-core/3.1.0/mockito-core-3.1.0.jar:/Users/lilim/.m2/repository/net/bytebuddy/byte-buddy/1.10.8/byte-buddy-1.10.8.jar:/Users/lilim/.m2/repository/net/bytebuddy/byte-buddy-agent/1.10.8/byte-buddy-agent-1.10.8.jar:/Users/lilim/.m2/repository/org/objenesis/objenesis/2.6/objenesis-2.6.jar:/Users/lilim/.m2/repository/org/skyscreamer/jsonassert/1.5.0/jsonassert-1.5.0.jar:/Users/lilim/.m2/repository/com/vaadin/external/google/android-json/0.0.20131108.vaadin1/android-json-0.0.20131108.vaadin1.jar:/Users/lilim/.m2/repository/org/springframework/spring-core/5.2.5.RELEASE/spring-core-5.2.5.RELEASE.jar:/Users/lilim/.m2/repository/org/springframework/spring-jcl/5.2.5.RELEASE/spring-jcl-5.2.5.RELEASE.jar:/Users/lilim/.m2/repository/org/springframework/spring-test/5.2.5.RELEASE/spring-test-5.2.5.RELEASE.jar:/Users/lilim/.m2/repository/org/xmlunit/xmlunit-core/2.6.4/xmlunit-core-2.6.4.jar:/Users/lilim/.m2/repository/org/jboss/arquillian/junit/arquillian-junit-standalone/1.4.0.Final/arquillian-junit-standalone-1.4.0.Final.jar:/Users/lilim/.m2/repository/org/jboss/arquillian/junit/arquillian-junit-core/1.4.0.Final/arquillian-junit-core-1.4.0.Final.jar:/Users/lilim/.m2/repository/org/jboss/arquillian/test/arquillian-test-spi/1.4.0.Final/arquillian-test-spi-1.4.0.Final.jar:/Users/lilim/.m2/repository/org/jboss/arquillian/test/arquillian-test-api/1.4.0.Final/arquillian-test-api-1.4.0.Final.jar:/Users/lilim/.m2/repository/org/jboss/arquillian/core/arquillian-core-impl-base/1.4.0.Final/arquillian-core-impl-base-1.4.0.Final.jar:/Users/lilim/.m2/repository/org/jboss/arquillian/core/arquillian-core-api/1.4.0.Final/arquillian-core-api-1.4.0.Final.jar:/Users/lilim/.m2/repository/org/jboss/arquillian/test/arquillian-test-impl-base/1.4.0.Final/arquillian-test-impl-base-1.4.0.Final.jar:/Users/lilim/.m2/repository/org/jboss/arquillian/config/arquillian-config-impl-base/1.4.0.Final/arquillian-config-impl-base-1.4.0.Final.jar:/Users/lilim/.m2/repository/org/jboss/arquillian/config/arquillian-config-spi/1.4.0.Final/arquillian-config-spi-1.4.0.Final.jar:/Users/lilim/.m2/repository/org/jboss/shrinkwrap/descriptors/shrinkwrap-descriptors-spi/2.0.0/shrinkwrap-descriptors-spi-2.0.0.jar:/Users/lilim/.m2/repository/org/arquillian/cube/arquillian-cube-openshift/1.18.2/arquillian-cube-openshift-1.18.2.jar:/Users/lilim/.m2/repository/org/arquillian/cube/arquillian-cube-api/1.18.2/arquillian-cube-api-1.18.2.jar:/Users/lilim/.m2/repository/org/arquillian/cube/arquillian-cube-spi/1.18.2/arquillian-cube-spi-1.18.2.jar:/Users/lilim/.m2/repository/org/arquillian/reporter/arquillian-core-reporter-api/0.0.3/arquillian-core-reporter-api-0.0.3.jar:/Users/lilim/.m2/repository/org/arquillian/reporter/arquillian-reporter-api/0.0.3/arquillian-reporter-api-0.0.3.jar:/Users/lilim/.m2/repository/org/arquillian/cube/arquillian-cube-requirement-spi/1.18.2/arquillian-cube-requirement-spi-1.18.2.jar:/Users/lilim/.m2/repository/org/arquillian/cube/arquillian-cube-core/1.18.2/arquillian-cube-core-1.18.2.jar:/Users/lilim/.m2/repository/commons-io/commons-io/2.3/commons-io-2.3.jar:/Users/lilim/.m2/repository/org/apache/commons/commons-compress/1.5/commons-compress-1.5.jar:/Users/lilim/.m2/repository/org/tukaani/xz/1.2/xz-1.2.jar:/Users/lilim/.m2/repository/org/apache/commons/commons-lang3/3.9/commons-lang3-3.9.jar:/Users/lilim/.m2/repository/org/arquillian/cube/arquillian-cube-kubernetes/1.18.2/arquillian-cube-kubernetes-1.18.2.jar:/Users/lilim/.m2/repository/org/arquillian/cube/fabric8-maven-plugin-build/1.18.2/fabric8-maven-plugin-build-1.18.2.jar:/Users/lilim/.m2/repository/org/jboss/shrinkwrap/resolver/shrinkwrap-resolver-impl-maven-embedded/3.0.1/shrinkwrap-resolver-impl-maven-embedded-3.0.1.jar:/Users/lilim/.m2/repository/org/jboss/shrinkwrap/shrinkwrap-impl-base/1.2.6/shrinkwrap-impl-base-1.2.6.jar:/Users/lilim/.m2/repository/org/jboss/shrinkwrap/shrinkwrap-spi/1.2.6/shrinkwrap-spi-1.2.6.jar:/Users/lilim/.m2/repository/org/jboss/shrinkwrap/resolver/shrinkwrap-resolver-api-maven-embedded/3.0.1/shrinkwrap-resolver-api-maven-embedded-3.0.1.jar:/Users/lilim/.m2/repository/org/apache/maven/shared/maven-invoker/3.0.0/maven-invoker-3.0.0.jar:/Users/lilim/.m2/repository/org/codehaus/plexus/plexus-component-annotations/1.7/plexus-component-annotations-1.7.jar:/Users/lilim/.m2/repository/org/fusesource/jansi/jansi/1.11/jansi-1.11.jar:/Users/lilim/.m2/repository/org/jboss/shrinkwrap/resolver/shrinkwrap-resolver-api/2.2.6/shrinkwrap-resolver-api-2.2.6.jar:/Users/lilim/.m2/repository/org/jboss/shrinkwrap/resolver/shrinkwrap-resolver-spi/2.2.6/shrinkwrap-resolver-spi-2.2.6.jar:/Users/lilim/.m2/repository/org/jboss/shrinkwrap/resolver/shrinkwrap-resolver-api-maven/2.2.6/shrinkwrap-resolver-api-maven-2.2.6.jar:/Users/lilim/.m2/repository/org/jboss/shrinkwrap/resolver/shrinkwrap-resolver-spi-maven/2.2.6/shrinkwrap-resolver-spi-maven-2.2.6.jar:/Users/lilim/.m2/repository/org/jboss/shrinkwrap/resolver/shrinkwrap-resolver-api-maven-archive/2.2.6/shrinkwrap-resolver-api-maven-archive-2.2.6.jar:/Users/lilim/.m2/repository/org/jboss/shrinkwrap/resolver/shrinkwrap-resolver-impl-maven/2.2.6/shrinkwrap-resolver-impl-maven-2.2.6.jar:/Users/lilim/.m2/repository/org/eclipse/aether/aether-api/1.0.0.v20140518/aether-api-1.0.0.v20140518.jar:/Users/lilim/.m2/repository/org/eclipse/aether/aether-impl/1.0.0.v20140518/aether-impl-1.0.0.v20140518.jar:/Users/lilim/.m2/repository/org/eclipse/aether/aether-spi/1.0.0.v20140518/aether-spi-1.0.0.v20140518.jar:/Users/lilim/.m2/repository/org/eclipse/aether/aether-util/1.0.0.v20140518/aether-util-1.0.0.v20140518.jar:/Users/lilim/.m2/repository/org/eclipse/aether/aether-connector-basic/1.0.0.v20140518/aether-connector-basic-1.0.0.v20140518.jar:/Users/lilim/.m2/repository/org/eclipse/aether/aether-transport-wagon/1.0.0.v20140518/aether-transport-wagon-1.0.0.v20140518.jar:/Users/lilim/.m2/repository/org/apache/maven/maven-aether-provider/3.2.5/maven-aether-provider-3.2.5.jar:/Users/lilim/.m2/repository/org/apache/maven/maven-model/3.2.5/maven-model-3.2.5.jar:/Users/lilim/.m2/repository/org/apache/maven/maven-model-builder/3.2.5/maven-model-builder-3.2.5.jar:/Users/lilim/.m2/repository/org/apache/maven/maven-repository-metadata/3.2.5/maven-repository-metadata-3.2.5.jar:/Users/lilim/.m2/repository/org/apache/maven/maven-settings/3.2.5/maven-settings-3.2.5.jar:/Users/lilim/.m2/repository/org/apache/maven/maven-settings-builder/3.2.5/maven-settings-builder-3.2.5.jar:/Users/lilim/.m2/repository/com/google/guava/guava/18.0/guava-18.0.jar:/Users/lilim/.m2/repository/org/codehaus/plexus/plexus-interpolation/1.21/plexus-interpolation-1.21.jar:/Users/lilim/.m2/repository/org/codehaus/plexus/plexus-utils/3.0.20/plexus-utils-3.0.20.jar:/Users/lilim/.m2/repository/org/sonatype/plexus/plexus-sec-dispatcher/1.3/plexus-sec-dispatcher-1.3.jar:/Users/lilim/.m2/repository/org/sonatype/plexus/plexus-cipher/1.4/plexus-cipher-1.4.jar:/Users/lilim/.m2/repository/org/apache/maven/wagon/wagon-provider-api/2.6/wagon-provider-api-2.6.jar:/Users/lilim/.m2/repository/org/apache/maven/wagon/wagon-file/2.6/wagon-file-2.6.jar:/Users/lilim/.m2/repository/commons-lang/commons-lang/2.6/commons-lang-2.6.jar:/Users/lilim/.m2/repository/org/apache/maven/wagon/wagon-http-lightweight/2.6/wagon-http-lightweight-2.6.jar:/Users/lilim/.m2/repository/org/apache/maven/wagon/wagon-http-shared/2.6/wagon-http-shared-2.6.jar:/Users/lilim/.m2/repository/org/jsoup/jsoup/1.7.2/jsoup-1.7.2.jar:/Users/lilim/.m2/repository/org/jboss/shrinkwrap/resolver/shrinkwrap-resolver-impl-maven-archive/2.2.6/shrinkwrap-resolver-impl-maven-archive-2.2.6.jar:/Users/lilim/.m2/repository/org/jboss/shrinkwrap/resolver/shrinkwrap-resolver-spi-maven-archive/2.2.6/shrinkwrap-resolver-spi-maven-archive-2.2.6.jar:/Users/lilim/.m2/repository/org/eclipse/sisu/org.eclipse.sisu.plexus/0.3.0.M1/org.eclipse.sisu.plexus-0.3.0.M1.jar:/Users/lilim/.m2/repository/javax/enterprise/cdi-api/1.0/cdi-api-1.0.jar:/Users/lilim/.m2/repository/javax/annotation/jsr250-api/1.0/jsr250-api-1.0.jar:/Users/lilim/.m2/repository/org/eclipse/sisu/org.eclipse.sisu.inject/0.3.0.M1/org.eclipse.sisu.inject-0.3.0.M1.jar:/Users/lilim/.m2/repository/org/codehaus/plexus/plexus-compiler-javac/2.3/plexus-compiler-javac-2.3.jar:/Users/lilim/.m2/repository/org/codehaus/plexus/plexus-compiler-api/2.3/plexus-compiler-api-2.3.jar:/Users/lilim/.m2/repository/org/arquillian/spacelift/arquillian-spacelift/1.0.2/arquillian-spacelift-1.0.2.jar:/Users/lilim/.m2/repository/org/arquillian/spacelift/arquillian-spacelift-api/1.0.2/arquillian-spacelift-api-1.0.2.jar:/Users/lilim/.m2/repository/org/jboss/arquillian/core/arquillian-core-spi/1.4.0.Final/arquillian-core-spi-1.4.0.Final.jar:/Users/lilim/.m2/repository/org/jboss/arquillian/config/arquillian-config-api/1.4.0.Final/arquillian-config-api-1.4.0.Final.jar:/Users/lilim/.m2/repository/org/jboss/shrinkwrap/descriptors/shrinkwrap-descriptors-api-base/2.0.0/shrinkwrap-descriptors-api-base-2.0.0.jar:/Users/lilim/.m2/repository/io/github/lukehutch/fast-classpath-scanner/2.9.3/fast-classpath-scanner-2.9.3.jar:/Users/lilim/.m2/repository/javax/inject/javax.inject/1/javax.inject-1.jar:/Users/lilim/.m2/repository/io/fabric8/kubernetes-openshift-uberjar/4.0.3/kubernetes-openshift-uberjar-4.0.3-versioned.jar:/Users/lilim/.m2/repository/javax/validation/validation-api/2.0.1.Final/validation-api-2.0.1.Final.jar:/Users/lilim/.m2/repository/com/squareup/okhttp3/logging-interceptor/3.14.7/logging-interceptor-3.14.7.jar:/Users/lilim/.m2/repository/com/fasterxml/jackson/dataformat/jackson-dataformat-yaml/2.10.3/jackson-dataformat-yaml-2.10.3.jar:/Users/lilim/.m2/repository/com/fasterxml/jackson/core/jackson-core/2.10.3/jackson-core-2.10.3.jar:/Users/lilim/.m2/repository/io/fabric8/zjsonpatch/0.3.0/zjsonpatch-0.3.0.jar:/Users/lilim/.m2/repository/com/github/mifmif/generex/1.0.1/generex-1.0.1.jar:/Users/lilim/.m2/repository/dk/brics/automaton/automaton/1.11-8/automaton-1.11-8.jar:/Users/lilim/.m2/repository/org/arquillian/cube/arquillian-cube-openshift-api/1.18.2/arquillian-cube-openshift-api-1.18.2.jar:/Users/lilim/.m2/repository/org/jboss/jboss-dmr/1.2.0.Final/jboss-dmr-1.2.0.Final.jar:/Users/lilim/.m2/repository/org/jboss/shrinkwrap/shrinkwrap-api/1.2.6/shrinkwrap-api-1.2.6.jar:/Users/lilim/.m2/repository/org/jboss/shrinkwrap/descriptors/shrinkwrap-descriptors-impl-javaee/2.0.0/shrinkwrap-descriptors-impl-javaee-2.0.0.jar:/Users/lilim/.m2/repository/org/jboss/shrinkwrap/descriptors/shrinkwrap-descriptors-api-javaee/2.0.0/shrinkwrap-descriptors-api-javaee-2.0.0.jar:/Users/lilim/.m2/repository/org/jboss/shrinkwrap/descriptors/shrinkwrap-descriptors-impl-base/2.0.0/shrinkwrap-descriptors-impl-base-2.0.0.jar:/Users/lilim/.m2/repository/org/javassist/javassist/3.18.1-GA/javassist-3.18.1-GA.jar:/Users/lilim/.m2/repository/com/fasterxml/jackson/jaxrs/jackson-jaxrs-json-provider/2.10.3/jackson-jaxrs-json-provider-2.10.3.jar:/Users/lilim/.m2/repository/com/fasterxml/jackson/jaxrs/jackson-jaxrs-base/2.10.3/jackson-jaxrs-base-2.10.3.jar:/Users/lilim/.m2/repository/com/fasterxml/jackson/module/jackson-module-jaxb-annotations/2.10.3/jackson-module-jaxb-annotations-2.10.3.jar:/Users/lilim/.m2/repository/com/squareup/okhttp3/okhttp/3.14.7/okhttp-3.14.7.jar:/Users/lilim/.m2/repository/com/squareup/okio/okio/1.17.2/okio-1.17.2.jar:/Users/lilim/.m2/repository/org/kohsuke/metainf-services/metainf-services/1.6/metainf-services-1.6.jar:/Users/lilim/.m2/repository/org/jolokia/jolokia-client-java/1.3.4/jolokia-client-java-1.3.4.jar:/Users/lilim/.m2/repository/com/googlecode/json-simple/json-simple/1.1.1/json-simple-1.1.1.jar:/Users/lilim/.m2/repository/org/apache/httpcomponents/httpclient-osgi/4.5.12/httpclient-osgi-4.5.12.jar:/Users/lilim/.m2/repository/io/fabric8/openshift-client/3.1.8/openshift-client-3.1.8.jar:/Users/lilim/.m2/repository/io/fabric8/kubernetes-client/3.1.8/kubernetes-client-3.1.8.jar:/Users/lilim/.m2/repository/io/fabric8/kubernetes-model/2.0.4/kubernetes-model-2.0.4.jar:/Users/lilim/.m2/repository/org/slf4j/jul-to-slf4j/1.7.30/jul-to-slf4j-1.7.30.jar:/Users/lilim/.m2/repository/io/rest-assured/rest-assured/3.3.0/rest-assured-3.3.0.jar:/Users/lilim/.m2/repository/org/codehaus/groovy/groovy/2.5.10/groovy-2.5.10.jar:/Users/lilim/.m2/repository/org/codehaus/groovy/groovy-xml/2.5.10/groovy-xml-2.5.10.jar:/Users/lilim/.m2/repository/org/apache/httpcomponents/httpclient/4.5.12/httpclient-4.5.12.jar:/Users/lilim/.m2/repository/org/apache/httpcomponents/httpcore/4.4.13/httpcore-4.4.13.jar:/Users/lilim/.m2/repository/commons-codec/commons-codec/1.13/commons-codec-1.13.jar:/Users/lilim/.m2/repository/org/apache/httpcomponents/httpmime/4.5.12/httpmime-4.5.12.jar:/Users/lilim/.m2/repository/org/hamcrest/hamcrest-core/2.1/hamcrest-core-2.1.jar:/Users/lilim/.m2/repository/org/hamcrest/hamcrest-library/2.1/hamcrest-library-2.1.jar:/Users/lilim/.m2/repository/org/ccil/cowan/tagsoup/tagsoup/1.2.1/tagsoup-1.2.1.jar:/Users/lilim/.m2/repository/io/rest-assured/json-path/3.3.0/json-path-3.3.0.jar:/Users/lilim/.m2/repository/org/codehaus/groovy/groovy-json/2.5.10/groovy-json-2.5.10.jar:/Users/lilim/.m2/repository/io/rest-assured/rest-assured-common/3.3.0/rest-assured-common-3.3.0.jar:/Users/lilim/.m2/repository/io/rest-assured/xml-path/3.3.0/xml-path-3.3.0.jar:/Users/lilim/.m2/repository/javax/xml/bind/jaxb-api/2.3.1/jaxb-api-2.3.1.jar:/Users/lilim/.m2/repository/javax/activation/javax.activation-api/1.2.0/javax.activation-api-1.2.0.jar:/Users/lilim/.m2/repository/com/sun/xml/bind/jaxb-osgi/2.2.10/jaxb-osgi-2.2.10.jar:/Users/lilim/.m2/repository/org/apache/sling/org.apache.sling.javax.activation/0.1.0/org.apache.sling.javax.activation-0.1.0.jar:/Users/lilim/.m2/repository/javax/activation/activation/1.1.1/activation-1.1.1.jar:/Users/lilim/.m2/repository/org/awaitility/awaitility/4.0.2/awaitility-4.0.2.jar:/Users/lilim/.m2/repository/org/assertj/assertj-core/3.13.2/assertj-core-3.13.2.jar:"/>
    <property name="java.vm.vendor" value="Oracle Corporation"/>
    <property name="sun.arch.data.model" value="64"/>
    <property name="java.vendor.url" value="https://openjdk.java.net/"/>
    <property name="os.name" value="Mac OS X"/>
    <property name="java.vm.specification.version" value="13"/>
    <property name="sun.java.launcher" value="SUN_STANDARD"/>
    <property name="user.country" value="SG"/>
    <property name="sun.boot.library.path" value="/usr/local/Cellar/openjdk/13.0.2+8_2/libexec/openjdk.jdk/Contents/Home/lib"/>
    <property name="sun.java.command" value="/Users/lilim/Documents/Workspace/springboot/target/surefire/surefirebooter9830673943882947754.jar /Users/lilim/Documents/Workspace/springboot/target/surefire 2020-09-16T21-45-25_440-jvmRun1 surefire16440697655503348149tmp surefire_02747530432482636145tmp"/>
    <property name="http.nonProxyHosts" value="local|*.local|169.254/16|*.169.254/16"/>
    <property name="jdk.debug" value="release"/>
    <property name="surefire.test.class.path" value="/Users/lilim/Documents/Workspace/springboot/target/test-classes:/Users/lilim/Documents/Workspace/springboot/target/classes:/Users/lilim/.m2/repository/org/springframework/boot/spring-boot-starter-web/2.2.6.RELEASE/spring-boot-starter-web-2.2.6.RELEASE.jar:/Users/lilim/.m2/repository/org/springframework/boot/spring-boot-starter/2.2.6.RELEASE/spring-boot-starter-2.2.6.RELEASE.jar:/Users/lilim/.m2/repository/org/springframework/boot/spring-boot/2.2.6.RELEASE/spring-boot-2.2.6.RELEASE.jar:/Users/lilim/.m2/repository/org/springframework/boot/spring-boot-autoconfigure/2.2.6.RELEASE/spring-boot-autoconfigure-2.2.6.RELEASE.jar:/Users/lilim/.m2/repository/org/springframework/boot/spring-boot-starter-logging/2.2.6.RELEASE/spring-boot-starter-logging-2.2.6.RELEASE.jar:/Users/lilim/.m2/repository/ch/qos/logback/logback-classic/1.2.3/logback-classic-1.2.3.jar:/Users/lilim/.m2/repository/ch/qos/logback/logback-core/1.2.3/logback-core-1.2.3.jar:/Users/lilim/.m2/repository/org/apache/logging/log4j/log4j-to-slf4j/2.12.1/log4j-to-slf4j-2.12.1.jar:/Users/lilim/.m2/repository/org/apache/logging/log4j/log4j-api/2.12.1/log4j-api-2.12.1.jar:/Users/lilim/.m2/repository/jakarta/annotation/jakarta.annotation-api/1.3.5/jakarta.annotation-api-1.3.5.jar:/Users/lilim/.m2/repository/org/yaml/snakeyaml/1.25/snakeyaml-1.25.jar:/Users/lilim/.m2/repository/org/springframework/boot/spring-boot-starter-json/2.2.6.RELEASE/spring-boot-starter-json-2.2.6.RELEASE.jar:/Users/lilim/.m2/repository/com/fasterxml/jackson/core/jackson-databind/2.10.3/jackson-databind-2.10.3.jar:/Users/lilim/.m2/repository/com/fasterxml/jackson/core/jackson-annotations/2.10.3/jackson-annotations-2.10.3.jar:/Users/lilim/.m2/repository/com/fasterxml/jackson/datatype/jackson-datatype-jdk8/2.10.3/jackson-datatype-jdk8-2.10.3.jar:/Users/lilim/.m2/repository/com/fasterxml/jackson/datatype/jackson-datatype-jsr310/2.10.3/jackson-datatype-jsr310-2.10.3.jar:/Users/lilim/.m2/repository/com/fasterxml/jackson/module/jackson-module-parameter-names/2.10.3/jackson-module-parameter-names-2.10.3.jar:/Users/lilim/.m2/repository/org/springframework/boot/spring-boot-starter-tomcat/2.2.6.RELEASE/spring-boot-starter-tomcat-2.2.6.RELEASE.jar:/Users/lilim/.m2/repository/org/apache/tomcat/embed/tomcat-embed-core/9.0.30.redhat-4/tomcat-embed-core-9.0.30.redhat-4.jar:/Users/lilim/.m2/repository/org/apache/tomcat/embed/tomcat-embed-el/9.0.30.redhat-4/tomcat-embed-el-9.0.30.redhat-4.jar:/Users/lilim/.m2/repository/org/apache/tomcat/embed/tomcat-embed-websocket/9.0.30.redhat-4/tomcat-embed-websocket-9.0.30.redhat-4.jar:/Users/lilim/.m2/repository/org/springframework/boot/spring-boot-starter-validation/2.2.6.RELEASE/spring-boot-starter-validation-2.2.6.RELEASE.jar:/Users/lilim/.m2/repository/jakarta/validation/jakarta.validation-api/2.0.2/jakarta.validation-api-2.0.2.jar:/Users/lilim/.m2/repository/org/hibernate/validator/hibernate-validator/6.0.18.Final-redhat-00001/hibernate-validator-6.0.18.Final-redhat-00001.jar:/Users/lilim/.m2/repository/org/jboss/logging/jboss-logging/3.4.1.Final/jboss-logging-3.4.1.Final.jar:/Users/lilim/.m2/repository/com/fasterxml/classmate/1.5.1/classmate-1.5.1.jar:/Users/lilim/.m2/repository/org/springframework/spring-web/5.2.5.RELEASE/spring-web-5.2.5.RELEASE.jar:/Users/lilim/.m2/repository/org/springframework/spring-beans/5.2.5.RELEASE/spring-beans-5.2.5.RELEASE.jar:/Users/lilim/.m2/repository/org/springframework/spring-webmvc/5.2.5.RELEASE/spring-webmvc-5.2.5.RELEASE.jar:/Users/lilim/.m2/repository/org/springframework/spring-aop/5.2.5.RELEASE/spring-aop-5.2.5.RELEASE.jar:/Users/lilim/.m2/repository/org/springframework/spring-context/5.2.5.RELEASE/spring-context-5.2.5.RELEASE.jar:/Users/lilim/.m2/repository/org/springframework/spring-expression/5.2.5.RELEASE/spring-expression-5.2.5.RELEASE.jar:/Users/lilim/.m2/repository/org/springframework/cloud/spring-cloud-starter-kubernetes-config/1.1.2.RELEASE/spring-cloud-starter-kubernetes-config-1.1.2.RELEASE.jar:/Users/lilim/.m2/repository/org/springframework/cloud/spring-cloud-kubernetes-core/1.1.2.RELEASE/spring-cloud-kubernetes-core-1.1.2.RELEASE.jar:/Users/lilim/.m2/repository/org/springframework/cloud/spring-cloud-context/2.2.2.RELEASE/spring-cloud-context-2.2.2.RELEASE.jar:/Users/lilim/.m2/repository/org/springframework/security/spring-security-crypto/5.2.2.RELEASE/spring-security-crypto-5.2.2.RELEASE.jar:/Users/lilim/.m2/repository/org/springframework/cloud/spring-cloud-kubernetes-config/1.1.2.RELEASE/spring-cloud-kubernetes-config-1.1.2.RELEASE.jar:/Users/lilim/.m2/repository/org/springframework/security/spring-security-rsa/1.0.9.RELEASE/spring-security-rsa-1.0.9.RELEASE.jar:/Users/lilim/.m2/repository/org/bouncycastle/bcpkix-jdk15on/1.64/bcpkix-jdk15on-1.64.jar:/Users/lilim/.m2/repository/org/bouncycastle/bcprov-jdk15on/1.64/bcprov-jdk15on-1.64.jar:/Users/lilim/.m2/repository/org/springframework/boot/spring-boot-starter-test/2.2.6.RELEASE/spring-boot-starter-test-2.2.6.RELEASE.jar:/Users/lilim/.m2/repository/org/springframework/boot/spring-boot-test/2.2.6.RELEASE/spring-boot-test-2.2.6.RELEASE.jar:/Users/lilim/.m2/repository/org/springframework/boot/spring-boot-test-autoconfigure/2.2.6.RELEASE/spring-boot-test-autoconfigure-2.2.6.RELEASE.jar:/Users/lilim/.m2/repository/com/jayway/jsonpath/json-path/2.4.0/json-path-2.4.0.jar:/Users/lilim/.m2/repository/net/minidev/json-smart/2.3/json-smart-2.3.jar:/Users/lilim/.m2/repository/net/minidev/accessors-smart/1.2/accessors-smart-1.2.jar:/Users/lilim/.m2/repository/org/ow2/asm/asm/5.0.4/asm-5.0.4.jar:/Users/lilim/.m2/repository/org/slf4j/slf4j-api/1.7.30/slf4j-api-1.7.30.jar:/Users/lilim/.m2/repository/jakarta/xml/bind/jakarta.xml.bind-api/2.3.3/jakarta.xml.bind-api-2.3.3.jar:/Users/lilim/.m2/repository/jakarta/activation/jakarta.activation-api/1.2.2/jakarta.activation-api-1.2.2.jar:/Users/lilim/.m2/repository/org/junit/jupiter/junit-jupiter/5.5.2/junit-jupiter-5.5.2.jar:/Users/lilim/.m2/repository/org/junit/jupiter/junit-jupiter-api/5.5.2/junit-jupiter-api-5.5.2.jar:/Users/lilim/.m2/repository/org/opentest4j/opentest4j/1.2.0/opentest4j-1.2.0.jar:/Users/lilim/.m2/repository/org/junit/platform/junit-platform-commons/1.5.2/junit-platform-commons-1.5.2.jar:/Users/lilim/.m2/repository/org/junit/jupiter/junit-jupiter-params/5.5.2/junit-jupiter-params-5.5.2.jar:/Users/lilim/.m2/repository/org/junit/jupiter/junit-jupiter-engine/5.5.2/junit-jupiter-engine-5.5.2.jar:/Users/lilim/.m2/repository/org/junit/vintage/junit-vintage-engine/5.5.2/junit-vintage-engine-5.5.2.jar:/Users/lilim/.m2/repository/org/apiguardian/apiguardian-api/1.1.0/apiguardian-api-1.1.0.jar:/Users/lilim/.m2/repository/org/junit/platform/junit-platform-engine/1.5.2/junit-platform-engine-1.5.2.jar:/Users/lilim/.m2/repository/junit/junit/4.12/junit-4.12.jar:/Users/lilim/.m2/repository/org/mockito/mockito-junit-jupiter/3.1.0/mockito-junit-jupiter-3.1.0.jar:/Users/lilim/.m2/repository/org/hamcrest/hamcrest/2.1/hamcrest-2.1.jar:/Users/lilim/.m2/repository/org/mockito/mockito-core/3.1.0/mockito-core-3.1.0.jar:/Users/lilim/.m2/repository/net/bytebuddy/byte-buddy/1.10.8/byte-buddy-1.10.8.jar:/Users/lilim/.m2/repository/net/bytebuddy/byte-buddy-agent/1.10.8/byte-buddy-agent-1.10.8.jar:/Users/lilim/.m2/repository/org/objenesis/objenesis/2.6/objenesis-2.6.jar:/Users/lilim/.m2/repository/org/skyscreamer/jsonassert/1.5.0/jsonassert-1.5.0.jar:/Users/lilim/.m2/repository/com/vaadin/external/google/android-json/0.0.20131108.vaadin1/android-json-0.0.20131108.vaadin1.jar:/Users/lilim/.m2/repository/org/springframework/spring-core/5.2.5.RELEASE/spring-core-5.2.5.RELEASE.jar:/Users/lilim/.m2/repository/org/springframework/spring-jcl/5.2.5.RELEASE/spring-jcl-5.2.5.RELEASE.jar:/Users/lilim/.m2/repository/org/springframework/spring-test/5.2.5.RELEASE/spring-test-5.2.5.RELEASE.jar:/Users/lilim/.m2/repository/org/xmlunit/xmlunit-core/2.6.4/xmlunit-core-2.6.4.jar:/Users/lilim/.m2/repository/org/jboss/arquillian/junit/arquillian-junit-standalone/1.4.0.Final/arquillian-junit-standalone-1.4.0.Final.jar:/Users/lilim/.m2/repository/org/jboss/arquillian/junit/arquillian-junit-core/1.4.0.Final/arquillian-junit-core-1.4.0.Final.jar:/Users/lilim/.m2/repository/org/jboss/arquillian/test/arquillian-test-spi/1.4.0.Final/arquillian-test-spi-1.4.0.Final.jar:/Users/lilim/.m2/repository/org/jboss/arquillian/test/arquillian-test-api/1.4.0.Final/arquillian-test-api-1.4.0.Final.jar:/Users/lilim/.m2/repository/org/jboss/arquillian/core/arquillian-core-impl-base/1.4.0.Final/arquillian-core-impl-base-1.4.0.Final.jar:/Users/lilim/.m2/repository/org/jboss/arquillian/core/arquillian-core-api/1.4.0.Final/arquillian-core-api-1.4.0.Final.jar:/Users/lilim/.m2/repository/org/jboss/arquillian/test/arquillian-test-impl-base/1.4.0.Final/arquillian-test-impl-base-1.4.0.Final.jar:/Users/lilim/.m2/repository/org/jboss/arquillian/config/arquillian-config-impl-base/1.4.0.Final/arquillian-config-impl-base-1.4.0.Final.jar:/Users/lilim/.m2/repository/org/jboss/arquillian/config/arquillian-config-spi/1.4.0.Final/arquillian-config-spi-1.4.0.Final.jar:/Users/lilim/.m2/repository/org/jboss/shrinkwrap/descriptors/shrinkwrap-descriptors-spi/2.0.0/shrinkwrap-descriptors-spi-2.0.0.jar:/Users/lilim/.m2/repository/org/arquillian/cube/arquillian-cube-openshift/1.18.2/arquillian-cube-openshift-1.18.2.jar:/Users/lilim/.m2/repository/org/arquillian/cube/arquillian-cube-api/1.18.2/arquillian-cube-api-1.18.2.jar:/Users/lilim/.m2/repository/org/arquillian/cube/arquillian-cube-spi/1.18.2/arquillian-cube-spi-1.18.2.jar:/Users/lilim/.m2/repository/org/arquillian/reporter/arquillian-core-reporter-api/0.0.3/arquillian-core-reporter-api-0.0.3.jar:/Users/lilim/.m2/repository/org/arquillian/reporter/arquillian-reporter-api/0.0.3/arquillian-reporter-api-0.0.3.jar:/Users/lilim/.m2/repository/org/arquillian/cube/arquillian-cube-requirement-spi/1.18.2/arquillian-cube-requirement-spi-1.18.2.jar:/Users/lilim/.m2/repository/org/arquillian/cube/arquillian-cube-core/1.18.2/arquillian-cube-core-1.18.2.jar:/Users/lilim/.m2/repository/commons-io/commons-io/2.3/commons-io-2.3.jar:/Users/lilim/.m2/repository/org/apache/commons/commons-compress/1.5/commons-compress-1.5.jar:/Users/lilim/.m2/repository/org/tukaani/xz/1.2/xz-1.2.jar:/Users/lilim/.m2/repository/org/apache/commons/commons-lang3/3.9/commons-lang3-3.9.jar:/Users/lilim/.m2/repository/org/arquillian/cube/arquillian-cube-kubernetes/1.18.2/arquillian-cube-kubernetes-1.18.2.jar:/Users/lilim/.m2/repository/org/arquillian/cube/fabric8-maven-plugin-build/1.18.2/fabric8-maven-plugin-build-1.18.2.jar:/Users/lilim/.m2/repository/org/jboss/shrinkwrap/resolver/shrinkwrap-resolver-impl-maven-embedded/3.0.1/shrinkwrap-resolver-impl-maven-embedded-3.0.1.jar:/Users/lilim/.m2/repository/org/jboss/shrinkwrap/shrinkwrap-impl-base/1.2.6/shrinkwrap-impl-base-1.2.6.jar:/Users/lilim/.m2/repository/org/jboss/shrinkwrap/shrinkwrap-spi/1.2.6/shrinkwrap-spi-1.2.6.jar:/Users/lilim/.m2/repository/org/jboss/shrinkwrap/resolver/shrinkwrap-resolver-api-maven-embedded/3.0.1/shrinkwrap-resolver-api-maven-embedded-3.0.1.jar:/Users/lilim/.m2/repository/org/apache/maven/shared/maven-invoker/3.0.0/maven-invoker-3.0.0.jar:/Users/lilim/.m2/repository/org/codehaus/plexus/plexus-component-annotations/1.7/plexus-component-annotations-1.7.jar:/Users/lilim/.m2/repository/org/fusesource/jansi/jansi/1.11/jansi-1.11.jar:/Users/lilim/.m2/repository/org/jboss/shrinkwrap/resolver/shrinkwrap-resolver-api/2.2.6/shrinkwrap-resolver-api-2.2.6.jar:/Users/lilim/.m2/repository/org/jboss/shrinkwrap/resolver/shrinkwrap-resolver-spi/2.2.6/shrinkwrap-resolver-spi-2.2.6.jar:/Users/lilim/.m2/repository/org/jboss/shrinkwrap/resolver/shrinkwrap-resolver-api-maven/2.2.6/shrinkwrap-resolver-api-maven-2.2.6.jar:/Users/lilim/.m2/repository/org/jboss/shrinkwrap/resolver/shrinkwrap-resolver-spi-maven/2.2.6/shrinkwrap-resolver-spi-maven-2.2.6.jar:/Users/lilim/.m2/repository/org/jboss/shrinkwrap/resolver/shrinkwrap-resolver-api-maven-archive/2.2.6/shrinkwrap-resolver-api-maven-archive-2.2.6.jar:/Users/lilim/.m2/repository/org/jboss/shrinkwrap/resolver/shrinkwrap-resolver-impl-maven/2.2.6/shrinkwrap-resolver-impl-maven-2.2.6.jar:/Users/lilim/.m2/repository/org/eclipse/aether/aether-api/1.0.0.v20140518/aether-api-1.0.0.v20140518.jar:/Users/lilim/.m2/repository/org/eclipse/aether/aether-impl/1.0.0.v20140518/aether-impl-1.0.0.v20140518.jar:/Users/lilim/.m2/repository/org/eclipse/aether/aether-spi/1.0.0.v20140518/aether-spi-1.0.0.v20140518.jar:/Users/lilim/.m2/repository/org/eclipse/aether/aether-util/1.0.0.v20140518/aether-util-1.0.0.v20140518.jar:/Users/lilim/.m2/repository/org/eclipse/aether/aether-connector-basic/1.0.0.v20140518/aether-connector-basic-1.0.0.v20140518.jar:/Users/lilim/.m2/repository/org/eclipse/aether/aether-transport-wagon/1.0.0.v20140518/aether-transport-wagon-1.0.0.v20140518.jar:/Users/lilim/.m2/repository/org/apache/maven/maven-aether-provider/3.2.5/maven-aether-provider-3.2.5.jar:/Users/lilim/.m2/repository/org/apache/maven/maven-model/3.2.5/maven-model-3.2.5.jar:/Users/lilim/.m2/repository/org/apache/maven/maven-model-builder/3.2.5/maven-model-builder-3.2.5.jar:/Users/lilim/.m2/repository/org/apache/maven/maven-repository-metadata/3.2.5/maven-repository-metadata-3.2.5.jar:/Users/lilim/.m2/repository/org/apache/maven/maven-settings/3.2.5/maven-settings-3.2.5.jar:/Users/lilim/.m2/repository/org/apache/maven/maven-settings-builder/3.2.5/maven-settings-builder-3.2.5.jar:/Users/lilim/.m2/repository/com/google/guava/guava/18.0/guava-18.0.jar:/Users/lilim/.m2/repository/org/codehaus/plexus/plexus-interpolation/1.21/plexus-interpolation-1.21.jar:/Users/lilim/.m2/repository/org/codehaus/plexus/plexus-utils/3.0.20/plexus-utils-3.0.20.jar:/Users/lilim/.m2/repository/org/sonatype/plexus/plexus-sec-dispatcher/1.3/plexus-sec-dispatcher-1.3.jar:/Users/lilim/.m2/repository/org/sonatype/plexus/plexus-cipher/1.4/plexus-cipher-1.4.jar:/Users/lilim/.m2/repository/org/apache/maven/wagon/wagon-provider-api/2.6/wagon-provider-api-2.6.jar:/Users/lilim/.m2/repository/org/apache/maven/wagon/wagon-file/2.6/wagon-file-2.6.jar:/Users/lilim/.m2/repository/commons-lang/commons-lang/2.6/commons-lang-2.6.jar:/Users/lilim/.m2/repository/org/apache/maven/wagon/wagon-http-lightweight/2.6/wagon-http-lightweight-2.6.jar:/Users/lilim/.m2/repository/org/apache/maven/wagon/wagon-http-shared/2.6/wagon-http-shared-2.6.jar:/Users/lilim/.m2/repository/org/jsoup/jsoup/1.7.2/jsoup-1.7.2.jar:/Users/lilim/.m2/repository/org/jboss/shrinkwrap/resolver/shrinkwrap-resolver-impl-maven-archive/2.2.6/shrinkwrap-resolver-impl-maven-archive-2.2.6.jar:/Users/lilim/.m2/repository/org/jboss/shrinkwrap/resolver/shrinkwrap-resolver-spi-maven-archive/2.2.6/shrinkwrap-resolver-spi-maven-archive-2.2.6.jar:/Users/lilim/.m2/repository/org/eclipse/sisu/org.eclipse.sisu.plexus/0.3.0.M1/org.eclipse.sisu.plexus-0.3.0.M1.jar:/Users/lilim/.m2/repository/javax/enterprise/cdi-api/1.0/cdi-api-1.0.jar:/Users/lilim/.m2/repository/javax/annotation/jsr250-api/1.0/jsr250-api-1.0.jar:/Users/lilim/.m2/repository/org/eclipse/sisu/org.eclipse.sisu.inject/0.3.0.M1/org.eclipse.sisu.inject-0.3.0.M1.jar:/Users/lilim/.m2/repository/org/codehaus/plexus/plexus-compiler-javac/2.3/plexus-compiler-javac-2.3.jar:/Users/lilim/.m2/repository/org/codehaus/plexus/plexus-compiler-api/2.3/plexus-compiler-api-2.3.jar:/Users/lilim/.m2/repository/org/arquillian/spacelift/arquillian-spacelift/1.0.2/arquillian-spacelift-1.0.2.jar:/Users/lilim/.m2/repository/org/arquillian/spacelift/arquillian-spacelift-api/1.0.2/arquillian-spacelift-api-1.0.2.jar:/Users/lilim/.m2/repository/org/jboss/arquillian/core/arquillian-core-spi/1.4.0.Final/arquillian-core-spi-1.4.0.Final.jar:/Users/lilim/.m2/repository/org/jboss/arquillian/config/arquillian-config-api/1.4.0.Final/arquillian-config-api-1.4.0.Final.jar:/Users/lilim/.m2/repository/org/jboss/shrinkwrap/descriptors/shrinkwrap-descriptors-api-base/2.0.0/shrinkwrap-descriptors-api-base-2.0.0.jar:/Users/lilim/.m2/repository/io/github/lukehutch/fast-classpath-scanner/2.9.3/fast-classpath-scanner-2.9.3.jar:/Users/lilim/.m2/repository/javax/inject/javax.inject/1/javax.inject-1.jar:/Users/lilim/.m2/repository/io/fabric8/kubernetes-openshift-uberjar/4.0.3/kubernetes-openshift-uberjar-4.0.3-versioned.jar:/Users/lilim/.m2/repository/javax/validation/validation-api/2.0.1.Final/validation-api-2.0.1.Final.jar:/Users/lilim/.m2/repository/com/squareup/okhttp3/logging-interceptor/3.14.7/logging-interceptor-3.14.7.jar:/Users/lilim/.m2/repository/com/fasterxml/jackson/dataformat/jackson-dataformat-yaml/2.10.3/jackson-dataformat-yaml-2.10.3.jar:/Users/lilim/.m2/repository/com/fasterxml/jackson/core/jackson-core/2.10.3/jackson-core-2.10.3.jar:/Users/lilim/.m2/repository/io/fabric8/zjsonpatch/0.3.0/zjsonpatch-0.3.0.jar:/Users/lilim/.m2/repository/com/github/mifmif/generex/1.0.1/generex-1.0.1.jar:/Users/lilim/.m2/repository/dk/brics/automaton/automaton/1.11-8/automaton-1.11-8.jar:/Users/lilim/.m2/repository/org/arquillian/cube/arquillian-cube-openshift-api/1.18.2/arquillian-cube-openshift-api-1.18.2.jar:/Users/lilim/.m2/repository/org/jboss/jboss-dmr/1.2.0.Final/jboss-dmr-1.2.0.Final.jar:/Users/lilim/.m2/repository/org/jboss/shrinkwrap/shrinkwrap-api/1.2.6/shrinkwrap-api-1.2.6.jar:/Users/lilim/.m2/repository/org/jboss/shrinkwrap/descriptors/shrinkwrap-descriptors-impl-javaee/2.0.0/shrinkwrap-descriptors-impl-javaee-2.0.0.jar:/Users/lilim/.m2/repository/org/jboss/shrinkwrap/descriptors/shrinkwrap-descriptors-api-javaee/2.0.0/shrinkwrap-descriptors-api-javaee-2.0.0.jar:/Users/lilim/.m2/repository/org/jboss/shrinkwrap/descriptors/shrinkwrap-descriptors-impl-base/2.0.0/shrinkwrap-descriptors-impl-base-2.0.0.jar:/Users/lilim/.m2/repository/org/javassist/javassist/3.18.1-GA/javassist-3.18.1-GA.jar:/Users/lilim/.m2/repository/com/fasterxml/jackson/jaxrs/jackson-jaxrs-json-provider/2.10.3/jackson-jaxrs-json-provider-2.10.3.jar:/Users/lilim/.m2/repository/com/fasterxml/jackson/jaxrs/jackson-jaxrs-base/2.10.3/jackson-jaxrs-base-2.10.3.jar:/Users/lilim/.m2/repository/com/fasterxml/jackson/module/jackson-module-jaxb-annotations/2.10.3/jackson-module-jaxb-annotations-2.10.3.jar:/Users/lilim/.m2/repository/com/squareup/okhttp3/okhttp/3.14.7/okhttp-3.14.7.jar:/Users/lilim/.m2/repository/com/squareup/okio/okio/1.17.2/okio-1.17.2.jar:/Users/lilim/.m2/repository/org/kohsuke/metainf-services/metainf-services/1.6/metainf-services-1.6.jar:/Users/lilim/.m2/repository/org/jolokia/jolokia-client-java/1.3.4/jolokia-client-java-1.3.4.jar:/Users/lilim/.m2/repository/com/googlecode/json-simple/json-simple/1.1.1/json-simple-1.1.1.jar:/Users/lilim/.m2/repository/org/apache/httpcomponents/httpclient-osgi/4.5.12/httpclient-osgi-4.5.12.jar:/Users/lilim/.m2/repository/io/fabric8/openshift-client/3.1.8/openshift-client-3.1.8.jar:/Users/lilim/.m2/repository/io/fabric8/kubernetes-client/3.1.8/kubernetes-client-3.1.8.jar:/Users/lilim/.m2/repository/io/fabric8/kubernetes-model/2.0.4/kubernetes-model-2.0.4.jar:/Users/lilim/.m2/repository/org/slf4j/jul-to-slf4j/1.7.30/jul-to-slf4j-1.7.30.jar:/Users/lilim/.m2/repository/io/rest-assured/rest-assured/3.3.0/rest-assured-3.3.0.jar:/Users/lilim/.m2/repository/org/codehaus/groovy/groovy/2.5.10/groovy-2.5.10.jar:/Users/lilim/.m2/repository/org/codehaus/groovy/groovy-xml/2.5.10/groovy-xml-2.5.10.jar:/Users/lilim/.m2/repository/org/apache/httpcomponents/httpclient/4.5.12/httpclient-4.5.12.jar:/Users/lilim/.m2/repository/org/apache/httpcomponents/httpcore/4.4.13/httpcore-4.4.13.jar:/Users/lilim/.m2/repository/commons-codec/commons-codec/1.13/commons-codec-1.13.jar:/Users/lilim/.m2/repository/org/apache/httpcomponents/httpmime/4.5.12/httpmime-4.5.12.jar:/Users/lilim/.m2/repository/org/hamcrest/hamcrest-core/2.1/hamcrest-core-2.1.jar:/Users/lilim/.m2/repository/org/hamcrest/hamcrest-library/2.1/hamcrest-library-2.1.jar:/Users/lilim/.m2/repository/org/ccil/cowan/tagsoup/tagsoup/1.2.1/tagsoup-1.2.1.jar:/Users/lilim/.m2/repository/io/rest-assured/json-path/3.3.0/json-path-3.3.0.jar:/Users/lilim/.m2/repository/org/codehaus/groovy/groovy-json/2.5.10/groovy-json-2.5.10.jar:/Users/lilim/.m2/repository/io/rest-assured/rest-assured-common/3.3.0/rest-assured-common-3.3.0.jar:/Users/lilim/.m2/repository/io/rest-assured/xml-path/3.3.0/xml-path-3.3.0.jar:/Users/lilim/.m2/repository/javax/xml/bind/jaxb-api/2.3.1/jaxb-api-2.3.1.jar:/Users/lilim/.m2/repository/javax/activation/javax.activation-api/1.2.0/javax.activation-api-1.2.0.jar:/Users/lilim/.m2/repository/com/sun/xml/bind/jaxb-osgi/2.2.10/jaxb-osgi-2.2.10.jar:/Users/lilim/.m2/repository/org/apache/sling/org.apache.sling.javax.activation/0.1.0/org.apache.sling.javax.activation-0.1.0.jar:/Users/lilim/.m2/repository/javax/activation/activation/1.1.1/activation-1.1.1.jar:/Users/lilim/.m2/repository/org/awaitility/awaitility/4.0.2/awaitility-4.0.2.jar:/Users/lilim/.m2/repository/org/assertj/assertj-core/3.13.2/assertj-core-3.13.2.jar:"/>
    <property name="sun.cpu.endian" value="little"/>
    <property name="user.home" value="/Users/lilim"/>
    <property name="user.language" value="en"/>
    <property name="java.specification.vendor" value="Oracle Corporation"/>
    <property name="java.version.date" value="2020-01-14"/>
    <property name="java.home" value="/usr/local/Cellar/openjdk/13.0.2+8_2/libexec/openjdk.jdk/Contents/Home"/>
    <property name="file.separator" value="/"/>
    <property name="basedir" value="/Users/lilim/Documents/Workspace/springboot"/>
    <property name="java.vm.compressedOopsMode" value="Zero based"/>
    <property name="line.separator" value="&#10;"/>
    <property name="java.specification.name" value="Java Platform API Specification"/>
    <property name="java.vm.specification.vendor" value="Oracle Corporation"/>
    <property name="surefire.real.class.path" value="/Users/lilim/Documents/Workspace/springboot/target/surefire/surefirebooter9830673943882947754.jar"/>
    <property name="sun.management.compiler" value="HotSpot 64-Bit Tiered Compilers"/>
    <property name="ftp.nonProxyHosts" value="local|*.local|169.254/16|*.169.254/16"/>
    <property name="java.runtime.version" value="13.0.2+8"/>
    <property name="user.name" value="lilim"/>
    <property name="path.separator" value=":"/>
    <property name="os.version" value="10.15.6"/>
    <property name="java.runtime.name" value="OpenJDK Runtime Environment"/>
    <property name="file.encoding" value="UTF-8"/>
    <property name="java.vm.name" value="OpenJDK 64-Bit Server VM"/>
    <property name="localRepository" value="/Users/lilim/.m2/repository"/>
    <property name="java.vendor.url.bug" value="https://bugreport.java.com/bugreport/"/>
    <property name="java.io.tmpdir" value="/var/folders/tf/95qxvcjn7hq26xchxt66cl_h0000gn/T/"/>
    <property name="java.version" value="13.0.2"/>
    <property name="user.dir" value="/Users/lilim/Documents/Workspace/springboot"/>
    <property name="os.arch" value="x86_64"/>
    <property name="java.vm.specification.name" value="Java Virtual Machine Specification"/>
    <property name="java.library.path" value="/Users/lilim/Library/Java/Extensions:/Library/Java/Extensions:/Network/Library/Java/Extensions:/System/Library/Java/Extensions:/usr/lib/java:."/>
    <property name="java.vm.info" value="mixed mode, sharing"/>
    <property name="java.vendor" value="N/A"/>
    <property name="java.vm.version" value="13.0.2+8"/>
    <property name="sun.io.unicode.encoding" value="UnicodeBig"/>
    <property name="socksNonProxyHosts" value="local|*.local|169.254/16|*.169.254/16"/>
    <property name="java.class.version" value="57.0"/>
  </properties>
  <testcase name="testGreetingEndpointWithNameParameter" classname="dev.snowdrop.example.ExampleApplicationTest" time="0.989">
    <failure message="1 expectation failed.&#10;Expected status code &lt;200&gt; but was &lt;500&gt;.&#10;" type="java.lang.AssertionError"><![CDATA[java.lang.AssertionError: 
1 expectation failed.
Expected status code <200> but was <500>.

	at dev.snowdrop.example.ExampleApplicationTest.testGreetingEndpointWithNameParameter(ExampleApplicationTest.java:58)
]]></failure>
    <system-out><![CDATA[2020-09-16 21:45:26.171  INFO   --- [           main] .b.t.c.SpringBootTestContextBootstrapper : Neither @ContextConfiguration nor @ContextHierarchy found for test class [dev.snowdrop.example.ExampleApplicationTest], using SpringBootContextLoader
2020-09-16 21:45:26.179  INFO   --- [           main] o.s.t.c.support.AbstractContextLoader    : Could not detect default resource locations for test class [dev.snowdrop.example.ExampleApplicationTest]: no resource found for suffixes {-context.xml, Context.groovy}.
2020-09-16 21:45:26.180  INFO   --- [           main] t.c.s.AnnotationConfigContextLoaderUtils : Could not detect default configuration classes for test class [dev.snowdrop.example.ExampleApplicationTest]: ExampleApplicationTest does not declare any static, non-private, non-final, nested classes annotated with @Configuration.
2020-09-16 21:45:26.289  INFO   --- [           main] .b.t.c.SpringBootTestContextBootstrapper : Found @SpringBootConfiguration dev.snowdrop.example.ExampleApplication for test class dev.snowdrop.example.ExampleApplicationTest
2020-09-16 21:45:26.368  INFO   --- [           main] .b.t.c.SpringBootTestContextBootstrapper : Loaded default TestExecutionListener class names from location [META-INF/spring.factories]: [org.springframework.boot.test.mock.mockito.MockitoTestExecutionListener, org.springframework.boot.test.mock.mockito.ResetMocksTestExecutionListener, org.springframework.boot.test.autoconfigure.restdocs.RestDocsTestExecutionListener, org.springframework.boot.test.autoconfigure.web.client.MockRestServiceServerResetTestExecutionListener, org.springframework.boot.test.autoconfigure.web.servlet.MockMvcPrintOnlyOnFailureTestExecutionListener, org.springframework.boot.test.autoconfigure.web.servlet.WebDriverTestExecutionListener, org.springframework.test.context.web.ServletTestExecutionListener, org.springframework.test.context.support.DirtiesContextBeforeModesTestExecutionListener, org.springframework.test.context.support.DependencyInjectionTestExecutionListener, org.springframework.test.context.support.DirtiesContextTestExecutionListener, org.springframework.test.context.transaction.TransactionalTestExecutionListener, org.springframework.test.context.jdbc.SqlScriptsTestExecutionListener, org.springframework.test.context.event.EventPublishingTestExecutionListener]
2020-09-16 21:45:26.379  INFO   --- [           main] .b.t.c.SpringBootTestContextBootstrapper : Using TestExecutionListeners: [org.springframework.test.context.web.ServletTestExecutionListener@37091312, org.springframework.test.context.support.DirtiesContextBeforeModesTestExecutionListener@66fdec9, org.springframework.boot.test.mock.mockito.MockitoTestExecutionListener@57abad67, org.springframework.boot.test.autoconfigure.SpringBootDependencyInjectionTestExecutionListener@550a1967, org.springframework.test.context.support.DirtiesContextTestExecutionListener@2a640157, org.springframework.test.context.event.EventPublishingTestExecutionListener@52851b44, org.springframework.boot.test.mock.mockito.ResetMocksTestExecutionListener@584f54e6, org.springframework.boot.test.autoconfigure.restdocs.RestDocsTestExecutionListener@5d8bafa9, org.springframework.boot.test.autoconfigure.web.client.MockRestServiceServerResetTestExecutionListener@576f63f6, org.springframework.boot.test.autoconfigure.web.servlet.MockMvcPrintOnlyOnFailureTestExecutionListener@2dca0d64, org.springframework.boot.test.autoconfigure.web.servlet.WebDriverTestExecutionListener@f80945f]
2020-09-16 21:45:26.428  INFO   --- [           main] .b.t.c.SpringBootTestContextBootstrapper : Neither @ContextConfiguration nor @ContextHierarchy found for test class [dev.snowdrop.example.ExampleApplicationTest], using SpringBootContextLoader
2020-09-16 21:45:26.431  INFO   --- [           main] o.s.t.c.support.AbstractContextLoader    : Could not detect default resource locations for test class [dev.snowdrop.example.ExampleApplicationTest]: no resource found for suffixes {-context.xml, Context.groovy}.
2020-09-16 21:45:26.432  INFO   --- [           main] t.c.s.AnnotationConfigContextLoaderUtils : Could not detect default configuration classes for test class [dev.snowdrop.example.ExampleApplicationTest]: ExampleApplicationTest does not declare any static, non-private, non-final, nested classes annotated with @Configuration.
2020-09-16 21:45:26.436  INFO   --- [           main] .b.t.c.SpringBootTestContextBootstrapper : Found @SpringBootConfiguration dev.snowdrop.example.ExampleApplication for test class dev.snowdrop.example.ExampleApplicationTest
2020-09-16 21:45:26.440  INFO   --- [           main] .b.t.c.SpringBootTestContextBootstrapper : Loaded default TestExecutionListener class names from location [META-INF/spring.factories]: [org.springframework.boot.test.mock.mockito.MockitoTestExecutionListener, org.springframework.boot.test.mock.mockito.ResetMocksTestExecutionListener, org.springframework.boot.test.autoconfigure.restdocs.RestDocsTestExecutionListener, org.springframework.boot.test.autoconfigure.web.client.MockRestServiceServerResetTestExecutionListener, org.springframework.boot.test.autoconfigure.web.servlet.MockMvcPrintOnlyOnFailureTestExecutionListener, org.springframework.boot.test.autoconfigure.web.servlet.WebDriverTestExecutionListener, org.springframework.test.context.web.ServletTestExecutionListener, org.springframework.test.context.support.DirtiesContextBeforeModesTestExecutionListener, org.springframework.test.context.support.DependencyInjectionTestExecutionListener, org.springframework.test.context.support.DirtiesContextTestExecutionListener, org.springframework.test.context.transaction.TransactionalTestExecutionListener, org.springframework.test.context.jdbc.SqlScriptsTestExecutionListener, org.springframework.test.context.event.EventPublishingTestExecutionListener]
2020-09-16 21:45:26.442  INFO   --- [           main] .b.t.c.SpringBootTestContextBootstrapper : Using TestExecutionListeners: [org.springframework.test.context.web.ServletTestExecutionListener@1d131e1b, org.springframework.test.context.support.DirtiesContextBeforeModesTestExecutionListener@71cf1b07, org.springframework.boot.test.mock.mockito.MockitoTestExecutionListener@615091b8, org.springframework.boot.test.autoconfigure.SpringBootDependencyInjectionTestExecutionListener@4fce136b, org.springframework.test.context.support.DirtiesContextTestExecutionListener@4aa83f4f, org.springframework.test.context.event.EventPublishingTestExecutionListener@43b6123e, org.springframework.boot.test.mock.mockito.ResetMocksTestExecutionListener@260e86a1, org.springframework.boot.test.autoconfigure.restdocs.RestDocsTestExecutionListener@19648c40, org.springframework.boot.test.autoconfigure.web.client.MockRestServiceServerResetTestExecutionListener@12bd8a64, org.springframework.boot.test.autoconfigure.web.servlet.MockMvcPrintOnlyOnFailureTestExecutionListener@61e94def, org.springframework.boot.test.autoconfigure.web.servlet.WebDriverTestExecutionListener@3300f4fd]

  .   ____          _            __ _ _
 /\\ / ___'_ __ _ _(_)_ __  __ _ \ \ \ \
( ( )\___ | '_ | '_| | '_ \/ _` | \ \ \ \
 \\/  ___)| |_)| | | | | || (_| |  ) ) ) )
  '  |____| .__|_| |_|_| |_\__, | / / / /
 =========|_|==============|___/=/_/_/_/
 :: Spring Boot ::        (v2.2.6.RELEASE)

2020-09-16 21:45:27.575  WARN 43031 --- [           main] o.s.c.k.config.ConfigMapPropertySource   : Can't read configMap with name: [app-config] in namespace:[amq-broker-ssl]. Ignoring.

io.fabric8.kubernetes.client.KubernetesClientException: Operation: [get]  for kind: [ConfigMap]  with name: [app-config]  in namespace: [amq-broker-ssl]  failed.
	at io.fabric8.kubernetes.client.KubernetesClientException.launderThrowable(KubernetesClientException.java:62)
	at io.fabric8.kubernetes.client.KubernetesClientException.launderThrowable(KubernetesClientException.java:71)
	at io.fabric8.kubernetes.client.dsl.base.BaseOperation.getMandatory(BaseOperation.java:228)
	at io.fabric8.kubernetes.client.dsl.base.BaseOperation.get(BaseOperation.java:184)
	at org.springframework.cloud.kubernetes.config.ConfigMapPropertySource.getData(ConfigMapPropertySource.java:95)
	at org.springframework.cloud.kubernetes.config.ConfigMapPropertySource.<init>(ConfigMapPropertySource.java:76)
	at org.springframework.cloud.kubernetes.config.ConfigMapPropertySourceLocator.getMapPropertySourceForSingleConfigMap(ConfigMapPropertySourceLocator.java:95)
	at org.springframework.cloud.kubernetes.config.ConfigMapPropertySourceLocator.lambda$locate$0(ConfigMapPropertySourceLocator.java:78)
	at java.base/java.util.ArrayList.forEach(ArrayList.java:1507)
	at org.springframework.cloud.kubernetes.config.ConfigMapPropertySourceLocator.locate(ConfigMapPropertySourceLocator.java:77)
	at org.springframework.cloud.bootstrap.config.PropertySourceLocator.locateCollection(PropertySourceLocator.java:52)
	at org.springframework.cloud.bootstrap.config.PropertySourceLocator.locateCollection(PropertySourceLocator.java:47)
	at org.springframework.cloud.bootstrap.config.PropertySourceBootstrapConfiguration.initialize(PropertySourceBootstrapConfiguration.java:97)
	at org.springframework.boot.SpringApplication.applyInitializers(SpringApplication.java:626)
	at org.springframework.boot.SpringApplication.prepareContext(SpringApplication.java:370)
	at org.springframework.boot.SpringApplication.run(SpringApplication.java:314)
	at org.springframework.boot.test.context.SpringBootContextLoader.loadContext(SpringBootContextLoader.java:126)
	at org.springframework.test.context.cache.DefaultCacheAwareContextLoaderDelegate.loadContextInternal(DefaultCacheAwareContextLoaderDelegate.java:99)
	at org.springframework.test.context.cache.DefaultCacheAwareContextLoaderDelegate.loadContext(DefaultCacheAwareContextLoaderDelegate.java:124)
	at org.springframework.test.context.support.DefaultTestContext.getApplicationContext(DefaultTestContext.java:123)
	at org.springframework.test.context.support.DependencyInjectionTestExecutionListener.injectDependencies(DependencyInjectionTestExecutionListener.java:118)
	at org.springframework.test.context.support.DependencyInjectionTestExecutionListener.prepareTestInstance(DependencyInjectionTestExecutionListener.java:83)
	at org.springframework.boot.test.autoconfigure.SpringBootDependencyInjectionTestExecutionListener.prepareTestInstance(SpringBootDependencyInjectionTestExecutionListener.java:43)
	at org.springframework.test.context.TestContextManager.prepareTestInstance(TestContextManager.java:244)
	at org.springframework.test.context.junit4.SpringJUnit4ClassRunner.createTest(SpringJUnit4ClassRunner.java:227)
	at org.springframework.test.context.junit4.SpringJUnit4ClassRunner$1.runReflectiveCall(SpringJUnit4ClassRunner.java:289)
	at org.junit.internal.runners.model.ReflectiveCallable.run(ReflectiveCallable.java:12)
	at org.springframework.test.context.junit4.SpringJUnit4ClassRunner.methodBlock(SpringJUnit4ClassRunner.java:291)
	at org.springframework.test.context.junit4.SpringJUnit4ClassRunner.runChild(SpringJUnit4ClassRunner.java:246)
	at org.springframework.test.context.junit4.SpringJUnit4ClassRunner.runChild(SpringJUnit4ClassRunner.java:97)
	at org.junit.runners.ParentRunner$3.run(ParentRunner.java:290)
	at org.junit.runners.ParentRunner$1.schedule(ParentRunner.java:71)
	at org.junit.runners.ParentRunner.runChildren(ParentRunner.java:288)
	at org.junit.runners.ParentRunner.access$000(ParentRunner.java:58)
	at org.junit.runners.ParentRunner$2.evaluate(ParentRunner.java:268)
	at org.springframework.test.context.junit4.statements.RunBeforeTestClassCallbacks.evaluate(RunBeforeTestClassCallbacks.java:61)
	at org.springframework.test.context.junit4.statements.RunAfterTestClassCallbacks.evaluate(RunAfterTestClassCallbacks.java:70)
	at org.junit.runners.ParentRunner.run(ParentRunner.java:363)
	at org.springframework.test.context.junit4.SpringJUnit4ClassRunner.run(SpringJUnit4ClassRunner.java:190)
	at org.junit.runner.JUnitCore.run(JUnitCore.java:137)
	at org.junit.runner.JUnitCore.run(JUnitCore.java:115)
	at org.junit.vintage.engine.execution.RunnerExecutor.execute(RunnerExecutor.java:40)
	at java.base/java.util.stream.ForEachOps$ForEachOp$OfRef.accept(ForEachOps.java:183)
	at java.base/java.util.stream.ReferencePipeline$3$1.accept(ReferencePipeline.java:195)
	at java.base/java.util.Iterator.forEachRemaining(Iterator.java:133)
	at java.base/java.util.Spliterators$IteratorSpliterator.forEachRemaining(Spliterators.java:1801)
	at java.base/java.util.stream.AbstractPipeline.copyInto(AbstractPipeline.java:484)
	at java.base/java.util.stream.AbstractPipeline.wrapAndCopyInto(AbstractPipeline.java:474)
	at java.base/java.util.stream.ForEachOps$ForEachOp.evaluateSequential(ForEachOps.java:150)
	at java.base/java.util.stream.ForEachOps$ForEachOp$OfRef.evaluateSequential(ForEachOps.java:173)
	at java.base/java.util.stream.AbstractPipeline.evaluate(AbstractPipeline.java:234)
	at java.base/java.util.stream.ReferencePipeline.forEach(ReferencePipeline.java:497)
	at org.junit.vintage.engine.VintageTestEngine.executeAllChildren(VintageTestEngine.java:80)
	at org.junit.vintage.engine.VintageTestEngine.execute(VintageTestEngine.java:71)
	at org.junit.platform.launcher.core.DefaultLauncher.execute(DefaultLauncher.java:220)
	at org.junit.platform.launcher.core.DefaultLauncher.lambda$execute$6(DefaultLauncher.java:188)
	at org.junit.platform.launcher.core.DefaultLauncher.withInterceptedStreams(DefaultLauncher.java:202)
	at org.junit.platform.launcher.core.DefaultLauncher.execute(DefaultLauncher.java:181)
	at org.junit.platform.launcher.core.DefaultLauncher.execute(DefaultLauncher.java:128)
	at org.apache.maven.surefire.junitplatform.JUnitPlatformProvider.invokeAllTests(JUnitPlatformProvider.java:150)
	at org.apache.maven.surefire.junitplatform.JUnitPlatformProvider.invoke(JUnitPlatformProvider.java:124)
	at org.apache.maven.surefire.booter.ForkedBooter.invokeProviderInSameClassLoader(ForkedBooter.java:384)
	at org.apache.maven.surefire.booter.ForkedBooter.runSuitesInProcess(ForkedBooter.java:345)
	at org.apache.maven.surefire.booter.ForkedBooter.execute(ForkedBooter.java:126)
	at org.apache.maven.surefire.booter.ForkedBooter.main(ForkedBooter.java:418)
Caused by: java.net.UnknownHostException: api.cluster-c7b8.c7b8.sandbox1862.opentlc.com: nodename nor servname provided, or not known
	at java.base/java.net.Inet6AddressImpl.lookupAllHostAddr(Native Method)
	at java.base/java.net.InetAddress$PlatformNameService.lookupAllHostAddr(InetAddress.java:930)
	at java.base/java.net.InetAddress.getAddressesFromNameService(InetAddress.java:1499)
	at java.base/java.net.InetAddress$NameServiceAddresses.get(InetAddress.java:849)
	at java.base/java.net.InetAddress.getAllByName0(InetAddress.java:1489)
	at java.base/java.net.InetAddress.getAllByName(InetAddress.java:1348)
	at java.base/java.net.InetAddress.getAllByName(InetAddress.java:1282)
	at okhttp3.Dns.lambda$static$0(Dns.java:39)
	at okhttp3.internal.connection.RouteSelector.resetNextInetSocketAddress(RouteSelector.java:171)
	at okhttp3.internal.connection.RouteSelector.nextProxy(RouteSelector.java:135)
	at okhttp3.internal.connection.RouteSelector.next(RouteSelector.java:84)
	at okhttp3.internal.connection.ExchangeFinder.findConnection(ExchangeFinder.java:187)
	at okhttp3.internal.connection.ExchangeFinder.findHealthyConnection(ExchangeFinder.java:108)
	at okhttp3.internal.connection.ExchangeFinder.find(ExchangeFinder.java:88)
	at okhttp3.internal.connection.Transmitter.newExchange(Transmitter.java:169)
	at okhttp3.internal.connection.ConnectInterceptor.intercept(ConnectInterceptor.java:41)
	at okhttp3.internal.http.RealInterceptorChain.proceed(RealInterceptorChain.java:142)
	at okhttp3.internal.http.RealInterceptorChain.proceed(RealInterceptorChain.java:117)
	at okhttp3.internal.cache.CacheInterceptor.intercept(CacheInterceptor.java:94)
	at okhttp3.internal.http.RealInterceptorChain.proceed(RealInterceptorChain.java:142)
	at okhttp3.internal.http.RealInterceptorChain.proceed(RealInterceptorChain.java:117)
	at okhttp3.internal.http.BridgeInterceptor.intercept(BridgeInterceptor.java:93)
	at okhttp3.internal.http.RealInterceptorChain.proceed(RealInterceptorChain.java:142)
	at okhttp3.internal.http.RetryAndFollowUpInterceptor.intercept(RetryAndFollowUpInterceptor.java:88)
	at okhttp3.internal.http.RealInterceptorChain.proceed(RealInterceptorChain.java:142)
	at okhttp3.internal.http.RealInterceptorChain.proceed(RealInterceptorChain.java:117)
	at io.fabric8.kubernetes.client.utils.ImpersonatorInterceptor.intercept(ImpersonatorInterceptor.java:54)
	at okhttp3.internal.http.RealInterceptorChain.proceed(RealInterceptorChain.java:142)
	at okhttp3.internal.http.RealInterceptorChain.proceed(RealInterceptorChain.java:117)
	at io.fabric8.kubernetes.client.utils.HttpClientUtils$2.intercept(HttpClientUtils.java:93)
	at okhttp3.internal.http.RealInterceptorChain.proceed(RealInterceptorChain.java:142)
	at okhttp3.internal.http.RealInterceptorChain.proceed(RealInterceptorChain.java:117)
	at okhttp3.RealCall.getResponseWithInterceptorChain(RealCall.java:229)
	at okhttp3.RealCall.execute(RealCall.java:81)
	at io.fabric8.kubernetes.client.dsl.base.OperationSupport.handleResponse(OperationSupport.java:377)
	at io.fabric8.kubernetes.client.dsl.base.OperationSupport.handleResponse(OperationSupport.java:343)
	at io.fabric8.kubernetes.client.dsl.base.OperationSupport.handleGet(OperationSupport.java:312)
	at io.fabric8.kubernetes.client.dsl.base.OperationSupport.handleGet(OperationSupport.java:295)
	at io.fabric8.kubernetes.client.dsl.base.BaseOperation.handleGet(BaseOperation.java:787)
	at io.fabric8.kubernetes.client.dsl.base.BaseOperation.getMandatory(BaseOperation.java:217)
	... 62 common frames omitted

2020-09-16 21:45:27.578  INFO 43031 --- [           main] b.c.PropertySourceBootstrapConfiguration : Located property source: [BootstrapPropertySource {name='bootstrapProperties-configmap.app-config.amq-broker-ssl'}]
2020-09-16 21:45:27.587  INFO 43031 --- [           main] d.s.example.ExampleApplicationTest       : No active profile set, falling back to default profiles: default
2020-09-16 21:45:27.926  INFO 43031 --- [           main] o.s.cloud.context.scope.GenericScope     : BeanFactory id=7d9cc6da-c140-3098-9513-b6d64532940b
2020-09-16 21:45:28.188  INFO 43031 --- [           main] o.s.b.w.embedded.tomcat.TomcatWebServer  : Tomcat initialized with port(s): 0 (http)
2020-09-16 21:45:28.195  INFO 43031 --- [           main] o.apache.catalina.core.StandardService   : Starting service [Tomcat]
2020-09-16 21:45:28.195  INFO 43031 --- [           main] org.apache.catalina.core.StandardEngine  : Starting Servlet engine: [Apache Tomcat/9.0.30.redhat-4]
2020-09-16 21:45:28.301  INFO 43031 --- [           main] o.a.c.c.C.[Tomcat].[localhost].[/]       : Initializing Spring embedded WebApplicationContext
2020-09-16 21:45:28.301  INFO 43031 --- [           main] o.s.web.context.ContextLoader            : Root WebApplicationContext: initialization completed in 709 ms
2020-09-16 21:45:28.529  INFO 43031 --- [           main] o.s.s.concurrent.ThreadPoolTaskExecutor  : Initializing ExecutorService 'applicationTaskExecutor'
2020-09-16 21:45:28.612  INFO 43031 --- [           main] o.s.b.a.w.s.WelcomePageHandlerMapping    : Adding welcome page: class path resource [static/index.html]
2020-09-16 21:45:28.898  INFO 43031 --- [           main] o.s.b.w.embedded.tomcat.TomcatWebServer  : Tomcat started on port(s): 55575 (http) with context path ''
2020-09-16 21:45:28.900  INFO 43031 --- [           main] d.s.example.ExampleApplicationTest       : Started ExampleApplicationTest in 2.333 seconds (JVM running for 3.292)
2020-09-16 21:45:29.733  INFO 43031 --- [o-auto-1-exec-1] o.a.c.c.C.[Tomcat].[localhost].[/]       : Initializing Spring DispatcherServlet 'dispatcherServlet'
2020-09-16 21:45:29.734  INFO 43031 --- [o-auto-1-exec-1] o.s.web.servlet.DispatcherServlet        : Initializing Servlet 'dispatcherServlet'
2020-09-16 21:45:29.752  INFO 43031 --- [o-auto-1-exec-1] o.s.web.servlet.DispatcherServlet        : Completed initialization in 18 ms
2020-09-16 21:45:29.786 ERROR 43031 --- [o-auto-1-exec-1] o.a.c.c.C.[.[.[/].[dispatcherServlet]    : Servlet.service() for servlet [dispatcherServlet] in context with path [] threw exception [Request processing failed; nested exception is java.lang.NumberFormatException: null] with root cause

java.lang.NumberFormatException: null
	at java.base/java.lang.Integer.parseInt(Integer.java:620)
	at java.base/java.lang.Integer.valueOf(Integer.java:989)
	at dev.snowdrop.example.service.GreetingController.greeting(GreetingController.java:52)
	at java.base/jdk.internal.reflect.NativeMethodAccessorImpl.invoke0(Native Method)
	at java.base/jdk.internal.reflect.NativeMethodAccessorImpl.invoke(NativeMethodAccessorImpl.java:62)
	at java.base/jdk.internal.reflect.DelegatingMethodAccessorImpl.invoke(DelegatingMethodAccessorImpl.java:43)
	at java.base/java.lang.reflect.Method.invoke(Method.java:567)
	at org.springframework.web.method.support.InvocableHandlerMethod.doInvoke(InvocableHandlerMethod.java:190)
	at org.springframework.web.method.support.InvocableHandlerMethod.invokeForRequest(InvocableHandlerMethod.java:138)
	at org.springframework.web.servlet.mvc.method.annotation.ServletInvocableHandlerMethod.invokeAndHandle(ServletInvocableHandlerMethod.java:105)
	at org.springframework.web.servlet.mvc.method.annotation.RequestMappingHandlerAdapter.invokeHandlerMethod(RequestMappingHandlerAdapter.java:879)
	at org.springframework.web.servlet.mvc.method.annotation.RequestMappingHandlerAdapter.handleInternal(RequestMappingHandlerAdapter.java:793)
	at org.springframework.web.servlet.mvc.method.AbstractHandlerMethodAdapter.handle(AbstractHandlerMethodAdapter.java:87)
	at org.springframework.web.servlet.DispatcherServlet.doDispatch(DispatcherServlet.java:1040)
	at org.springframework.web.servlet.DispatcherServlet.doService(DispatcherServlet.java:943)
	at org.springframework.web.servlet.FrameworkServlet.processRequest(FrameworkServlet.java:1006)
	at org.springframework.web.servlet.FrameworkServlet.doGet(FrameworkServlet.java:898)
	at javax.servlet.http.HttpServlet.service(HttpServlet.java:634)
	at org.springframework.web.servlet.FrameworkServlet.service(FrameworkServlet.java:883)
	at javax.servlet.http.HttpServlet.service(HttpServlet.java:741)
	at org.apache.catalina.core.ApplicationFilterChain.internalDoFilter(ApplicationFilterChain.java:231)
	at org.apache.catalina.core.ApplicationFilterChain.doFilter(ApplicationFilterChain.java:166)
	at org.apache.tomcat.websocket.server.WsFilter.doFilter(WsFilter.java:53)
	at org.apache.catalina.core.ApplicationFilterChain.internalDoFilter(ApplicationFilterChain.java:193)
	at org.apache.catalina.core.ApplicationFilterChain.doFilter(ApplicationFilterChain.java:166)
	at org.springframework.web.filter.RequestContextFilter.doFilterInternal(RequestContextFilter.java:100)
	at org.springframework.web.filter.OncePerRequestFilter.doFilter(OncePerRequestFilter.java:119)
	at org.apache.catalina.core.ApplicationFilterChain.internalDoFilter(ApplicationFilterChain.java:193)
	at org.apache.catalina.core.ApplicationFilterChain.doFilter(ApplicationFilterChain.java:166)
	at org.springframework.web.filter.FormContentFilter.doFilterInternal(FormContentFilter.java:93)
	at org.springframework.web.filter.OncePerRequestFilter.doFilter(OncePerRequestFilter.java:119)
	at org.apache.catalina.core.ApplicationFilterChain.internalDoFilter(ApplicationFilterChain.java:193)
	at org.apache.catalina.core.ApplicationFilterChain.doFilter(ApplicationFilterChain.java:166)
	at org.springframework.web.filter.CharacterEncodingFilter.doFilterInternal(CharacterEncodingFilter.java:201)
	at org.springframework.web.filter.OncePerRequestFilter.doFilter(OncePerRequestFilter.java:119)
	at org.apache.catalina.core.ApplicationFilterChain.internalDoFilter(ApplicationFilterChain.java:193)
	at org.apache.catalina.core.ApplicationFilterChain.doFilter(ApplicationFilterChain.java:166)
	at org.apache.catalina.core.StandardWrapperValve.invoke(StandardWrapperValve.java:202)
	at org.apache.catalina.core.StandardContextValve.invoke(StandardContextValve.java:96)
	at org.apache.catalina.authenticator.AuthenticatorBase.invoke(AuthenticatorBase.java:541)
	at org.apache.catalina.core.StandardHostValve.invoke(StandardHostValve.java:139)
	at org.apache.catalina.valves.ErrorReportValve.invoke(ErrorReportValve.java:92)
	at org.apache.catalina.core.StandardEngineValve.invoke(StandardEngineValve.java:74)
	at org.apache.catalina.connector.CoyoteAdapter.service(CoyoteAdapter.java:343)
	at org.apache.coyote.http11.Http11Processor.service(Http11Processor.java:367)
	at org.apache.coyote.AbstractProcessorLight.process(AbstractProcessorLight.java:65)
	at org.apache.coyote.AbstractProtocol$ConnectionHandler.process(AbstractProtocol.java:860)
	at org.apache.tomcat.util.net.NioEndpoint$SocketProcessor.doRun(NioEndpoint.java:1598)
	at org.apache.tomcat.util.net.SocketProcessorBase.run(SocketProcessorBase.java:49)
	at java.base/java.util.concurrent.ThreadPoolExecutor.runWorker(ThreadPoolExecutor.java:1128)
	at java.base/java.util.concurrent.ThreadPoolExecutor$Worker.run(ThreadPoolExecutor.java:628)
	at org.apache.tomcat.util.threads.TaskThread$WrappingRunnable.run(TaskThread.java:61)
	at java.base/java.lang.Thread.run(Thread.java:830)

]]></system-out>
  </testcase>
  <testcase name="testGreetingEndpoint" classname="dev.snowdrop.example.ExampleApplicationTest" time="0.024">
    <failure message="1 expectation failed.&#10;Expected status code &lt;200&gt; but was &lt;500&gt;.&#10;" type="java.lang.AssertionError"><![CDATA[java.lang.AssertionError: 
1 expectation failed.
Expected status code <200> but was <500>.

	at dev.snowdrop.example.ExampleApplicationTest.testGreetingEndpoint(ExampleApplicationTest.java:47)
]]></failure>
    <system-out><![CDATA[2020-09-16 21:45:29.903 ERROR 43031 --- [o-auto-1-exec-2] o.a.c.c.C.[.[.[/].[dispatcherServlet]    : Servlet.service() for servlet [dispatcherServlet] in context with path [] threw exception [Request processing failed; nested exception is java.lang.NumberFormatException: null] with root cause

java.lang.NumberFormatException: null
	at java.base/java.lang.Integer.parseInt(Integer.java:620)
	at java.base/java.lang.Integer.valueOf(Integer.java:989)
	at dev.snowdrop.example.service.GreetingController.greeting(GreetingController.java:52)
	at java.base/jdk.internal.reflect.NativeMethodAccessorImpl.invoke0(Native Method)
	at java.base/jdk.internal.reflect.NativeMethodAccessorImpl.invoke(NativeMethodAccessorImpl.java:62)
	at java.base/jdk.internal.reflect.DelegatingMethodAccessorImpl.invoke(DelegatingMethodAccessorImpl.java:43)
	at java.base/java.lang.reflect.Method.invoke(Method.java:567)
	at org.springframework.web.method.support.InvocableHandlerMethod.doInvoke(InvocableHandlerMethod.java:190)
	at org.springframework.web.method.support.InvocableHandlerMethod.invokeForRequest(InvocableHandlerMethod.java:138)
	at org.springframework.web.servlet.mvc.method.annotation.ServletInvocableHandlerMethod.invokeAndHandle(ServletInvocableHandlerMethod.java:105)
	at org.springframework.web.servlet.mvc.method.annotation.RequestMappingHandlerAdapter.invokeHandlerMethod(RequestMappingHandlerAdapter.java:879)
	at org.springframework.web.servlet.mvc.method.annotation.RequestMappingHandlerAdapter.handleInternal(RequestMappingHandlerAdapter.java:793)
	at org.springframework.web.servlet.mvc.method.AbstractHandlerMethodAdapter.handle(AbstractHandlerMethodAdapter.java:87)
	at org.springframework.web.servlet.DispatcherServlet.doDispatch(DispatcherServlet.java:1040)
	at org.springframework.web.servlet.DispatcherServlet.doService(DispatcherServlet.java:943)
	at org.springframework.web.servlet.FrameworkServlet.processRequest(FrameworkServlet.java:1006)
	at org.springframework.web.servlet.FrameworkServlet.doGet(FrameworkServlet.java:898)
	at javax.servlet.http.HttpServlet.service(HttpServlet.java:634)
	at org.springframework.web.servlet.FrameworkServlet.service(FrameworkServlet.java:883)
	at javax.servlet.http.HttpServlet.service(HttpServlet.java:741)
	at org.apache.catalina.core.ApplicationFilterChain.internalDoFilter(ApplicationFilterChain.java:231)
	at org.apache.catalina.core.ApplicationFilterChain.doFilter(ApplicationFilterChain.java:166)
	at org.apache.tomcat.websocket.server.WsFilter.doFilter(WsFilter.java:53)
	at org.apache.catalina.core.ApplicationFilterChain.internalDoFilter(ApplicationFilterChain.java:193)
	at org.apache.catalina.core.ApplicationFilterChain.doFilter(ApplicationFilterChain.java:166)
	at org.springframework.web.filter.RequestContextFilter.doFilterInternal(RequestContextFilter.java:100)
	at org.springframework.web.filter.OncePerRequestFilter.doFilter(OncePerRequestFilter.java:119)
	at org.apache.catalina.core.ApplicationFilterChain.internalDoFilter(ApplicationFilterChain.java:193)
	at org.apache.catalina.core.ApplicationFilterChain.doFilter(ApplicationFilterChain.java:166)
	at org.springframework.web.filter.FormContentFilter.doFilterInternal(FormContentFilter.java:93)
	at org.springframework.web.filter.OncePerRequestFilter.doFilter(OncePerRequestFilter.java:119)
	at org.apache.catalina.core.ApplicationFilterChain.internalDoFilter(ApplicationFilterChain.java:193)
	at org.apache.catalina.core.ApplicationFilterChain.doFilter(ApplicationFilterChain.java:166)
	at org.springframework.web.filter.CharacterEncodingFilter.doFilterInternal(CharacterEncodingFilter.java:201)
	at org.springframework.web.filter.OncePerRequestFilter.doFilter(OncePerRequestFilter.java:119)
	at org.apache.catalina.core.ApplicationFilterChain.internalDoFilter(ApplicationFilterChain.java:193)
	at org.apache.catalina.core.ApplicationFilterChain.doFilter(ApplicationFilterChain.java:166)
	at org.apache.catalina.core.StandardWrapperValve.invoke(StandardWrapperValve.java:202)
	at org.apache.catalina.core.StandardContextValve.invoke(StandardContextValve.java:96)
	at org.apache.catalina.authenticator.AuthenticatorBase.invoke(AuthenticatorBase.java:541)
	at org.apache.catalina.core.StandardHostValve.invoke(StandardHostValve.java:139)
	at org.apache.catalina.valves.ErrorReportValve.invoke(ErrorReportValve.java:92)
	at org.apache.catalina.core.StandardEngineValve.invoke(StandardEngineValve.java:74)
	at org.apache.catalina.connector.CoyoteAdapter.service(CoyoteAdapter.java:343)
	at org.apache.coyote.http11.Http11Processor.service(Http11Processor.java:367)
	at org.apache.coyote.AbstractProcessorLight.process(AbstractProcessorLight.java:65)
	at org.apache.coyote.AbstractProtocol$ConnectionHandler.process(AbstractProtocol.java:860)
	at org.apache.tomcat.util.net.NioEndpoint$SocketProcessor.doRun(NioEndpoint.java:1598)
	at org.apache.tomcat.util.net.SocketProcessorBase.run(SocketProcessorBase.java:49)
	at java.base/java.util.concurrent.ThreadPoolExecutor.runWorker(ThreadPoolExecutor.java:1128)
	at java.base/java.util.concurrent.ThreadPoolExecutor$Worker.run(ThreadPoolExecutor.java:628)
	at org.apache.tomcat.util.threads.TaskThread$WrappingRunnable.run(TaskThread.java:61)
	at java.base/java.lang.Thread.run(Thread.java:830)

]]></system-out>
  </testcase>
</testsuite>